Using pre-set license
Built from '2020.3/staging' branch; Version is '2020.3.41f1 (7c19dc9acfda) revision 8133084'; Using compiler version '192528614'; Build Type 'Release'
OS: 'Windows 11  (10.0.26100) 64bit Professional' Language: 'en' Physical Memory: 32609 MB
BatchMode: 1, IsHumanControllingUs: 0, StartBugReporterOnCrash: 0, Is64bit: 1, IsPro: 0

COMMAND LINE ARGUMENTS:
C:\Program Files\Unity\Hub\Editor\2020.3.41f1\Editor\Unity.exe
-adb2
-batchMode
-noUpm
-name
AssetImportWorker0
-projectPath
D:/Triva_Game/Mega Car Ramp
-logFile
Logs/AssetImportWorker0.log
-srvPort
57453
Successfully changed project path to: D:/Triva_Game/Mega Car Ramp
D:/Triva_Game/Mega Car Ramp
Using Asset Import Pipeline V2.
Refreshing native plugins compatible for Editor in 27.06 ms, found 2 plugins.
Preloading 0 native plugins for Editor in 0.00 ms.
Initialize engine version: 2020.3.41f1 (7c19dc9acfda)
[Subsystems] Discovering subsystems at path C:/Program Files/Unity/Hub/Editor/2020.3.41f1/Editor/Data/Resources/UnitySubsystems
[Subsystems] Discovering subsystems at path D:/Triva_Game/Mega Car Ramp/Assets
GfxDevice: creating device client; threaded=0
Direct3D:
    Version:  Direct3D 11.0 [level 11.1]
    Renderer: NVIDIA GeForce RTX 3060 (ID=0x2504)
    Vendor:   
    VRAM:     12115 MB
    Driver:   32.0.15.6590
Shader 'LightingEffects/Car/Specular_Cubemap_Color': fallback shader 'MobileSpecular' not found
Initialize mono
Mono path[0] = 'C:/Program Files/Unity/Hub/Editor/2020.3.41f1/Editor/Data/Managed'
Mono path[1] = 'C:/Program Files/Unity/Hub/Editor/2020.3.41f1/Editor/Data/MonoBleedingEdge/lib/mono/unityjit'
Mono config path = 'C:/Program Files/Unity/Hub/Editor/2020.3.41f1/Editor/Data/MonoBleedingEdge/etc'
Using monoOptions --debugger-agent=transport=dt_socket,embedding=1,server=y,suspend=n,address=127.0.0.1:56744
Begin MonoManager ReloadAssembly
Registering precompiled unity dll's ...
Register platform support module: C:/Program Files/Unity/Hub/Editor/2020.3.41f1/Editor/Data/PlaybackEngines/WindowsStandaloneSupport/UnityEditor.WindowsStandalone.Extensions.dll
Registered in 0.000777 seconds.
Native extension for WindowsStandalone target not found
Refreshing native plugins compatible for Editor in 27.05 ms, found 2 plugins.
Preloading 0 native plugins for Editor in 0.00 ms.
Mono: successfully reloaded assembly
- Completed reload, in  0.312 seconds
Domain Reload Profiling:
	ReloadAssembly (312ms)
		BeginReloadAssembly (33ms)
			ExecutionOrderSort (0ms)
			DisableScriptedObjects (0ms)
			BackupInstance (0ms)
			ReleaseScriptingObjects (0ms)
			CreateAndSetChildDomain (0ms)
		EndReloadAssembly (241ms)
			LoadAssemblies (32ms)
			RebuildTransferFunctionScriptingTraits (0ms)
			SetupTypeCache (71ms)
			ReleaseScriptCaches (0ms)
			RebuildScriptCaches (18ms)
			SetupLoadedEditorAssemblies (98ms)
				LogAssemblyErrors (0ms)
				InitializePlatformSupportModulesInManaged (2ms)
				SetLoadedEditorAssemblies (0ms)
				RefreshPlugins (27ms)
				BeforeProcessingInitializeOnLoad (8ms)
				ProcessInitializeOnLoadAttributes (45ms)
				ProcessInitializeOnLoadMethodAttributes (15ms)
				AfterProcessingInitializeOnLoad (0ms)
				EditorAssembliesLoaded (0ms)
			ExecutionOrderSort2 (0ms)
			AwakeInstancesAfterBackupRestoration (0ms)
Platform modules already initialized, skipping
Registering precompiled user dll's ...
Registered in 0.001484 seconds.
Begin MonoManager ReloadAssembly
Native extension for WindowsStandalone target not found
Refreshing native plugins compatible for Editor in 0.34 ms, found 2 plugins.
Preloading 0 native plugins for Editor in 0.00 ms.
Mono: successfully reloaded assembly
- Completed reload, in  0.514 seconds
Domain Reload Profiling:
	ReloadAssembly (515ms)
		BeginReloadAssembly (73ms)
			ExecutionOrderSort (0ms)
			DisableScriptedObjects (2ms)
			BackupInstance (0ms)
			ReleaseScriptingObjects (0ms)
			CreateAndSetChildDomain (13ms)
		EndReloadAssembly (411ms)
			LoadAssemblies (49ms)
			RebuildTransferFunctionScriptingTraits (0ms)
			SetupTypeCache (132ms)
			ReleaseScriptCaches (0ms)
			RebuildScriptCaches (27ms)
			SetupLoadedEditorAssemblies (172ms)
				LogAssemblyErrors (0ms)
				InitializePlatformSupportModulesInManaged (2ms)
				SetLoadedEditorAssemblies (0ms)
				RefreshPlugins (0ms)
				BeforeProcessingInitializeOnLoad (47ms)
				ProcessInitializeOnLoadAttributes (112ms)
				ProcessInitializeOnLoadMethodAttributes (7ms)
				AfterProcessingInitializeOnLoad (2ms)
				EditorAssembliesLoaded (0ms)
			ExecutionOrderSort2 (0ms)
			AwakeInstancesAfterBackupRestoration (1ms)
Platform modules already initialized, skipping
========================================================================
Worker process is ready to serve import requests
Shader 'LightingEffects/Car/Specular_Cubemap_Color': fallback shader 'MobileSpecular' not found
Launched and connected shader compiler UnityShaderCompiler.exe after 0.02 seconds
Refreshing native plugins compatible for Editor in 0.34 ms, found 2 plugins.
Preloading 0 native plugins for Editor in 0.00 ms.
Unloading 1607 Unused Serialized files (Serialized files now loaded: 0)
System memory in use before: 172.0 MB.
System memory in use after: 171.8 MB.

Unloading 23 unused Assets to reduce memory usage. Loaded Objects now: 2096.
Total: 1.902800 ms (FindLiveObjects: 0.078500 ms CreateObjectMapping: 0.020000 ms MarkObjects: 1.638700 ms  DeleteObjects: 0.164800 ms)

AssetImportParameters requested are different than current active one (requested -> active):
  custom:framework-win-MediaFoundation: 216162199b28c13a410421893ffa2e32 -> 
  custom:video-decoder-ogg-theora: a1e56fd34408186e4bbccfd4996cb3dc -> 
  custom:container-muxer-webm: aa71ff27fc2769a1b78a27578f13a17b -> 
  custom:container-demuxer-webm: 4f35f7cbe854078d1ac9338744f61a02 -> 
  custom:container-demuxer-ogg: 62fdf1f143b41e24485cea50d1cbac27 -> 
  custom:video-encoder-webm-vp8: eb34c28f22e8b96e1ab97ce403110664 -> 
  custom:video-codec-MediaFoundation-h265: 746d11721c4dcdbdad8f713fa42b33f4 -> 
  custom:video-decoder-webm-vp8: 9c59270c3fd7afecdb556c50c9e8de78 -> 
  custom:audio-decoder-ogg-vorbis: bf7c407c2cedff20999df2af8eb42d56 -> 
  custom:audio-encoder-webm-vorbis: bf7c407c2cedff20999df2af8eb42d56 -> 
========================================================================
Received Import Request.
  path: Assets/Extreme Drift/Scenes/RaceTracks/RaceTracks _V2.unity
  artifactKey: Guid(82711907277cc4e4ba42d3ae59b5646a) Importer(815301076,1909f56bfc062723c751e8b465ee728b)
Start importing Assets/Extreme Drift/Scenes/RaceTracks/RaceTracks _V2.unity using Guid(82711907277cc4e4ba42d3ae59b5646a) Importer(815301076,1909f56bfc062723c751e8b465ee728b)  -> (artifact id: 'df685a843bcc284332a4f9b6d98eac8f') in 0.002852 seconds 
========================================================================
Received Import Request.
  Time since last request: 441.761092 seconds.
  path: Assets/PolyScript/Low Poly Racing and City Cars Pack/Scripts/Vehicle Related/Vehicle.cs
  artifactKey: Guid(416a0c2ffc1f2aa4890aea99861f6e4a) Importer(815301076,1909f56bfc062723c751e8b465ee728b)
Start importing Assets/PolyScript/Low Poly Racing and City Cars Pack/Scripts/Vehicle Related/Vehicle.cs using Guid(416a0c2ffc1f2aa4890aea99861f6e4a) Importer(815301076,1909f56bfc062723c751e8b465ee728b)  -> (artifact id: '88920a14d343abe0850e72c094278215') in 0.028128 seconds 
========================================================================
Received Import Request.
  Time since last request: 2.730090 seconds.
  path: Assets/Extreme Drift/Scripts/Vehicle/VehicleControl.cs
  artifactKey: Guid(00030e199cdd9934dbd15380a1bcabab) Importer(815301076,1909f56bfc062723c751e8b465ee728b)
Start importing Assets/Extreme Drift/Scripts/Vehicle/VehicleControl.cs using Guid(00030e199cdd9934dbd15380a1bcabab) Importer(815301076,1909f56bfc062723c751e8b465ee728b)  -> (artifact id: 'd3a4085219b29326055e202b539b4f2f') in 0.006153 seconds 
========================================================================
Received Import Request.
  Time since last request: 155.458228 seconds.
  path: Assets/Extreme Drift/Scripts/AIController/AIControl.cs
  artifactKey: Guid(f5df61780e2037b47900c7dc1912454b) Importer(815301076,1909f56bfc062723c751e8b465ee728b)
Start importing Assets/Extreme Drift/Scripts/AIController/AIControl.cs using Guid(f5df61780e2037b47900c7dc1912454b) Importer(815301076,1909f56bfc062723c751e8b465ee728b)  -> (artifact id: '8fe7b63a6e2864157a650f447f4d48e1') in 0.009448 seconds 
========================================================================
Received Import Request.
  Time since last request: 21.456299 seconds.
  path: Assets/Extreme Drift/Scripts/AIController/AIPath.cs
  artifactKey: Guid(e9cc9d338ea1b954daf0668c7fb0285b) Importer(815301076,1909f56bfc062723c751e8b465ee728b)
Start importing Assets/Extreme Drift/Scripts/AIController/AIPath.cs using Guid(e9cc9d338ea1b954daf0668c7fb0285b) Importer(815301076,1909f56bfc062723c751e8b465ee728b)  -> (artifact id: 'a318d92984dce6224d2a982cce8a2ec9') in 0.011780 seconds 
========================================================================
Received Import Request.
  Time since last request: 0.569743 seconds.
  path: Assets/Extreme Drift/Scripts/AIController/AINode.cs
  artifactKey: Guid(7c42d71c60167b9469734cc77322c749) Importer(815301076,1909f56bfc062723c751e8b465ee728b)
Start importing Assets/Extreme Drift/Scripts/AIController/AINode.cs using Guid(7c42d71c60167b9469734cc77322c749) Importer(815301076,1909f56bfc062723c751e8b465ee728b)  -> (artifact id: 'fa5af1026893d5d561a7434b6e60bd6f') in 0.006328 seconds 
========================================================================
Received Import Request.
  Time since last request: 12.315232 seconds.
  path: Assets/Extreme Drift/Scripts/AIController
  artifactKey: Guid(f27eb89858d7fb448b093c7f80248b28) Importer(815301076,1909f56bfc062723c751e8b465ee728b)
Start importing Assets/Extreme Drift/Scripts/AIController using Guid(f27eb89858d7fb448b093c7f80248b28) Importer(815301076,1909f56bfc062723c751e8b465ee728b)  -> (artifact id: 'c4a148a4a99af02f5169b7d591271206') in 0.006116 seconds 
========================================================================
Received Import Request.
  Time since last request: 143.553483 seconds.
  path: Assets/Track_5
  artifactKey: Guid(caba92fae2f447a41af5aaca0fbda660) Importer(815301076,1909f56bfc062723c751e8b465ee728b)
Start importing Assets/Track_5 using Guid(caba92fae2f447a41af5aaca0fbda660) Importer(815301076,1909f56bfc062723c751e8b465ee728b)  -> (artifact id: 'b6807d80a06d70b766fd33b8f4d5246c') in 0.008428 seconds 
========================================================================
Received Import Request.
  Time since last request: 191.328588 seconds.
  path: Assets/CAR!!.prefab
  artifactKey: Guid(a965f471c0ecbff4fabd0e94717d4d8c) Importer(815301076,1909f56bfc062723c751e8b465ee728b)
Start importing Assets/CAR!!.prefab using Guid(a965f471c0ecbff4fabd0e94717d4d8c) Importer(815301076,1909f56bfc062723c751e8b465ee728b)  -> (artifact id: 'f9fe1709afb0a2fbae2669b46e52778f') in 0.070376 seconds 
========================================================================
Received Import Request.
  Time since last request: 14.305834 seconds.
  path: Assets/stone blast
  artifactKey: Guid(d7c7be50e2c5ef24b84f1ad520a3afe6) Importer(815301076,1909f56bfc062723c751e8b465ee728b)
Start importing Assets/stone blast using Guid(d7c7be50e2c5ef24b84f1ad520a3afe6) Importer(815301076,1909f56bfc062723c751e8b465ee728b)  -> (artifact id: 'cd8af81486ed0ad3cc6f47a1593b5126') in 0.008491 seconds 
========================================================================
Received Import Request.
  Time since last request: 18.942536 seconds.
  path: Assets/stone && ice blast
  artifactKey: Guid(d7c7be50e2c5ef24b84f1ad520a3afe6) Importer(815301076,1909f56bfc062723c751e8b465ee728b)
Start importing Assets/stone && ice blast using Guid(d7c7be50e2c5ef24b84f1ad520a3afe6) Importer(815301076,1909f56bfc062723c751e8b465ee728b)  -> (artifact id: '4319a2214e46aab7bbf45d942216fc15') in 0.007839 seconds 
========================================================================
Received Import Request.
  Time since last request: 716.526946 seconds.
  path: Assets/Extreme Drift/Scenes/RaceTracks/RaceTracks _V3 1.unity
  artifactKey: Guid(9fd016aff4404b441bbbe9c3d17ea70d) Importer(815301076,1909f56bfc062723c751e8b465ee728b)
Start importing Assets/Extreme Drift/Scenes/RaceTracks/RaceTracks _V3 1.unity using Guid(9fd016aff4404b441bbbe9c3d17ea70d) Importer(815301076,1909f56bfc062723c751e8b465ee728b)  -> (artifact id: '6a44382943046877674b03bb6141f1ae') in 0.006259 seconds 
AssetImportWorkerClient::OnTransportError - code=2 error=End of file
