Using pre-set license
Built from '2020.3/staging' branch; Version is '2020.3.41f1 (7c19dc9acfda) revision 8133084'; Using compiler version '192528614'; Build Type 'Release'
OS: 'Windows 11  (10.0.26100) 64bit Professional' Language: 'en' Physical Memory: 32609 MB
BatchMode: 1, IsHumanControllingUs: 0, StartBugReporterOnCrash: 0, Is64bit: 1, IsPro: 0

COMMAND LINE ARGUMENTS:
C:\Program Files\Unity\Hub\Editor\2020.3.41f1\Editor\Unity.exe
-adb2
-batchMode
-noUpm
-name
AssetImportWorker0
-projectPath
D:/Triva_Game/Mega Car Ramp
-logFile
Logs/AssetImportWorker0.log
-srvPort
52183
Successfully changed project path to: D:/Triva_Game/Mega Car Ramp
D:/Triva_Game/Mega Car Ramp
Using Asset Import Pipeline V2.
Refreshing native plugins compatible for Editor in 27.43 ms, found 2 plugins.
Preloading 0 native plugins for Editor in 0.00 ms.
Initialize engine version: 2020.3.41f1 (7c19dc9acfda)
[Subsystems] Discovering subsystems at path C:/Program Files/Unity/Hub/Editor/2020.3.41f1/Editor/Data/Resources/UnitySubsystems
[Subsystems] Discovering subsystems at path D:/Triva_Game/Mega Car Ramp/Assets
GfxDevice: creating device client; threaded=0
Direct3D:
    Version:  Direct3D 11.0 [level 11.1]
    Renderer: NVIDIA GeForce RTX 3060 (ID=0x2504)
    Vendor:   
    VRAM:     12115 MB
    Driver:   32.0.15.6590
Shader 'LightingEffects/Car/Specular_Cubemap_Color': fallback shader 'MobileSpecular' not found
Initialize mono
Mono path[0] = 'C:/Program Files/Unity/Hub/Editor/2020.3.41f1/Editor/Data/Managed'
Mono path[1] = 'C:/Program Files/Unity/Hub/Editor/2020.3.41f1/Editor/Data/MonoBleedingEdge/lib/mono/unityjit'
Mono config path = 'C:/Program Files/Unity/Hub/Editor/2020.3.41f1/Editor/Data/MonoBleedingEdge/etc'
Using monoOptions --debugger-agent=transport=dt_socket,embedding=1,server=y,suspend=n,address=127.0.0.1:56560
Begin MonoManager ReloadAssembly
Registering precompiled unity dll's ...
Register platform support module: C:/Program Files/Unity/Hub/Editor/2020.3.41f1/Editor/Data/PlaybackEngines/WindowsStandaloneSupport/UnityEditor.WindowsStandalone.Extensions.dll
Registered in 0.000774 seconds.
Native extension for WindowsStandalone target not found
Refreshing native plugins compatible for Editor in 26.95 ms, found 2 plugins.
Preloading 0 native plugins for Editor in 0.00 ms.
Mono: successfully reloaded assembly
- Completed reload, in  0.303 seconds
Domain Reload Profiling:
	ReloadAssembly (303ms)
		BeginReloadAssembly (33ms)
			ExecutionOrderSort (0ms)
			DisableScriptedObjects (0ms)
			BackupInstance (0ms)
			ReleaseScriptingObjects (0ms)
			CreateAndSetChildDomain (0ms)
		EndReloadAssembly (234ms)
			LoadAssemblies (32ms)
			RebuildTransferFunctionScriptingTraits (0ms)
			SetupTypeCache (70ms)
			ReleaseScriptCaches (0ms)
			RebuildScriptCaches (17ms)
			SetupLoadedEditorAssemblies (94ms)
				LogAssemblyErrors (0ms)
				InitializePlatformSupportModulesInManaged (2ms)
				SetLoadedEditorAssemblies (0ms)
				RefreshPlugins (27ms)
				BeforeProcessingInitializeOnLoad (8ms)
				ProcessInitializeOnLoadAttributes (43ms)
				ProcessInitializeOnLoadMethodAttributes (14ms)
				AfterProcessingInitializeOnLoad (0ms)
				EditorAssembliesLoaded (0ms)
			ExecutionOrderSort2 (0ms)
			AwakeInstancesAfterBackupRestoration (0ms)
Platform modules already initialized, skipping
Registering precompiled user dll's ...
Registered in 0.001444 seconds.
Begin MonoManager ReloadAssembly
Native extension for WindowsStandalone target not found
Refreshing native plugins compatible for Editor in 0.34 ms, found 2 plugins.
Preloading 0 native plugins for Editor in 0.00 ms.
Mono: successfully reloaded assembly
- Completed reload, in  0.503 seconds
Domain Reload Profiling:
	ReloadAssembly (504ms)
		BeginReloadAssembly (70ms)
			ExecutionOrderSort (0ms)
			DisableScriptedObjects (2ms)
			BackupInstance (0ms)
			ReleaseScriptingObjects (0ms)
			CreateAndSetChildDomain (10ms)
		EndReloadAssembly (405ms)
			LoadAssemblies (48ms)
			RebuildTransferFunctionScriptingTraits (0ms)
			SetupTypeCache (133ms)
			ReleaseScriptCaches (0ms)
			RebuildScriptCaches (26ms)
			SetupLoadedEditorAssemblies (164ms)
				LogAssemblyErrors (0ms)
				InitializePlatformSupportModulesInManaged (2ms)
				SetLoadedEditorAssemblies (0ms)
				RefreshPlugins (0ms)
				BeforeProcessingInitializeOnLoad (41ms)
				ProcessInitializeOnLoadAttributes (110ms)
				ProcessInitializeOnLoadMethodAttributes (7ms)
				AfterProcessingInitializeOnLoad (2ms)
				EditorAssembliesLoaded (0ms)
			ExecutionOrderSort2 (0ms)
			AwakeInstancesAfterBackupRestoration (1ms)
Platform modules already initialized, skipping
========================================================================
Worker process is ready to serve import requests
Shader 'LightingEffects/Car/Specular_Cubemap_Color': fallback shader 'MobileSpecular' not found
Launched and connected shader compiler UnityShaderCompiler.exe after 0.02 seconds
Refreshing native plugins compatible for Editor in 0.35 ms, found 2 plugins.
Preloading 0 native plugins for Editor in 0.00 ms.
Unloading 1606 Unused Serialized files (Serialized files now loaded: 0)
System memory in use before: 171.6 MB.
System memory in use after: 171.5 MB.

Unloading 23 unused Assets to reduce memory usage. Loaded Objects now: 2095.
Total: 1.789100 ms (FindLiveObjects: 0.079000 ms CreateObjectMapping: 0.021100 ms MarkObjects: 1.517500 ms  DeleteObjects: 0.170900 ms)

AssetImportParameters requested are different than current active one (requested -> active):
  custom:framework-win-MediaFoundation: 216162199b28c13a410421893ffa2e32 -> 
  custom:video-decoder-ogg-theora: a1e56fd34408186e4bbccfd4996cb3dc -> 
  custom:container-muxer-webm: aa71ff27fc2769a1b78a27578f13a17b -> 
  custom:container-demuxer-webm: 4f35f7cbe854078d1ac9338744f61a02 -> 
  custom:container-demuxer-ogg: 62fdf1f143b41e24485cea50d1cbac27 -> 
  custom:video-encoder-webm-vp8: eb34c28f22e8b96e1ab97ce403110664 -> 
  custom:video-codec-MediaFoundation-h265: 746d11721c4dcdbdad8f713fa42b33f4 -> 
  custom:video-decoder-webm-vp8: 9c59270c3fd7afecdb556c50c9e8de78 -> 
  custom:audio-decoder-ogg-vorbis: bf7c407c2cedff20999df2af8eb42d56 -> 
  custom:audio-encoder-webm-vorbis: bf7c407c2cedff20999df2af8eb42d56 -> 
========================================================================
Received Import Request.
  path: Assets/Extreme Drift/Models/RaceTracks/RaceTrack1
  artifactKey: Guid(913cf635a3321a64bb253d0f9dd344d7) Importer(815301076,1909f56bfc062723c751e8b465ee728b)
Start importing Assets/Extreme Drift/Models/RaceTracks/RaceTrack1 using Guid(913cf635a3321a64bb253d0f9dd344d7) Importer(815301076,1909f56bfc062723c751e8b465ee728b)  -> (artifact id: '54c926847e76703e7867fe59cf75e7e2') in 0.006726 seconds 
========================================================================
Received Import Request.
  Time since last request: 2.292317 seconds.
  path: Assets/Extreme Drift/Scenes/RaceTracks/RaceTrack1.unity
  artifactKey: Guid(7aadb93ad643ae648ba05d125a0e02b5) Importer(815301076,1909f56bfc062723c751e8b465ee728b)
Start importing Assets/Extreme Drift/Scenes/RaceTracks/RaceTrack1.unity using Guid(7aadb93ad643ae648ba05d125a0e02b5) Importer(815301076,1909f56bfc062723c751e8b465ee728b)  -> (artifact id: '9a19842feccc1b9d643f7f377b255d05') in 0.007718 seconds 
========================================================================
Received Prepare
Shader 'LightingEffects/Car/Specular_Cubemap_Color': fallback shader 'MobileSpecular' not found
Refreshing native plugins compatible for Editor in 1.45 ms, found 2 plugins.
Preloading 0 native plugins for Editor in 0.00 ms.
Unloading 16 Unused Serialized files (Serialized files now loaded: 0)
System memory in use before: 137.8 MB.
System memory in use after: 137.7 MB.

Unloading 16 unused Assets to reduce memory usage. Loaded Objects now: 2095.
Total: 1.740200 ms (FindLiveObjects: 0.068200 ms CreateObjectMapping: 0.026600 ms MarkObjects: 1.501300 ms  DeleteObjects: 0.143600 ms)

AssetImportParameters requested are different than current active one (requested -> active):
  custom:framework-win-MediaFoundation: 216162199b28c13a410421893ffa2e32 -> 
  custom:video-decoder-ogg-theora: a1e56fd34408186e4bbccfd4996cb3dc -> 
  custom:container-muxer-webm: aa71ff27fc2769a1b78a27578f13a17b -> 
  custom:container-demuxer-webm: 4f35f7cbe854078d1ac9338744f61a02 -> 
  custom:container-demuxer-ogg: 62fdf1f143b41e24485cea50d1cbac27 -> 
  custom:video-encoder-webm-vp8: eb34c28f22e8b96e1ab97ce403110664 -> 
  custom:video-codec-MediaFoundation-h265: 746d11721c4dcdbdad8f713fa42b33f4 -> 
  custom:video-decoder-webm-vp8: 9c59270c3fd7afecdb556c50c9e8de78 -> 
  custom:audio-decoder-ogg-vorbis: bf7c407c2cedff20999df2af8eb42d56 -> 
  custom:audio-encoder-webm-vorbis: bf7c407c2cedff20999df2af8eb42d56 -> 
========================================================================
Received Import Request.
  Time since last request: 4.371745 seconds.
  path: Assets/Extreme Drift/Scenes/RaceTracks/RaceTrack1 1.unity
  artifactKey: Guid(82711907277cc4e4ba42d3ae59b5646a) Importer(815301076,1909f56bfc062723c751e8b465ee728b)
Start importing Assets/Extreme Drift/Scenes/RaceTracks/RaceTrack1 1.unity using Guid(82711907277cc4e4ba42d3ae59b5646a) Importer(815301076,1909f56bfc062723c751e8b465ee728b)  -> (artifact id: '82fb13d8854d206f42ffdd72a3358624') in 0.005450 seconds 
========================================================================
Received Import Request.
  Time since last request: 104.296384 seconds.
  path: Assets/Track_2/TRACK_2.fbx
  artifactKey: Guid(3d996e4792a61074a9815a89f08eb32f) Importer(815301076,1909f56bfc062723c751e8b465ee728b)
Start importing Assets/Track_2/TRACK_2.fbx using Guid(3d996e4792a61074a9815a89f08eb32f) Importer(815301076,1909f56bfc062723c751e8b465ee728b)  -> (artifact id: '4b90a591e97cc7636d2fc31aa77d7378') in 0.195598 seconds 
========================================================================
Received Import Request.
  Time since last request: 226.429496 seconds.
  path: Assets/Extreme Drift/Models/RaceTracks/RaceTrack5
  artifactKey: Guid(0a7091f194385d04a8fd93e28172d4ff) Importer(815301076,1909f56bfc062723c751e8b465ee728b)
Start importing Assets/Extreme Drift/Models/RaceTracks/RaceTrack5 using Guid(0a7091f194385d04a8fd93e28172d4ff) Importer(815301076,1909f56bfc062723c751e8b465ee728b)  -> (artifact id: 'a0c71d4943ae3b4211172338ac2f7559') in 0.008080 seconds 
========================================================================
Received Import Request.
  Time since last request: 2.841789 seconds.
  path: Assets/Extreme Drift/Models/RaceTracks/RaceTrack5/MiniMap-5.psd
  artifactKey: Guid(52998f1073d793b4d88849810f674261) Importer(815301076,1909f56bfc062723c751e8b465ee728b)
Start importing Assets/Extreme Drift/Models/RaceTracks/RaceTrack5/MiniMap-5.psd using Guid(52998f1073d793b4d88849810f674261) Importer(815301076,1909f56bfc062723c751e8b465ee728b)  -> (artifact id: 'e285110a2e8e2c851bc1634dcd97b4ac') in 0.019815 seconds 
========================================================================
Received Import Request.
  Time since last request: 2.185410 seconds.
  path: Assets/Extreme Drift/Models/RaceTracks/RaceTrack5/RaceTrack5.FBX
  artifactKey: Guid(a3bf2a7251301d3478b2442a3bbcf534) Importer(815301076,1909f56bfc062723c751e8b465ee728b)
Start importing Assets/Extreme Drift/Models/RaceTracks/RaceTrack5/RaceTrack5.FBX using Guid(a3bf2a7251301d3478b2442a3bbcf534) Importer(815301076,1909f56bfc062723c751e8b465ee728b)  -> (artifact id: 'f805db1e4842938d5da6e28fe009e97c') in 0.308046 seconds 
========================================================================
Received Import Request.
  Time since last request: 299.946143 seconds.
  path: Assets/Track_5/TRACK_5.fbx
  artifactKey: Guid(14827ee9a77746e4bb3d6238db72388a) Importer(815301076,1909f56bfc062723c751e8b465ee728b)
Start importing Assets/Track_5/TRACK_5.fbx using Guid(14827ee9a77746e4bb3d6238db72388a) Importer(815301076,1909f56bfc062723c751e8b465ee728b)  -> (artifact id: '21fab4ead53354e34dc1c5f84704dc09') in 0.125600 seconds 
========================================================================
Received Import Request.
  Time since last request: 63.124951 seconds.
  path: Assets/Track_1/Textures
  artifactKey: Guid(7dd06ef4e29d1a749a1bf00b0a059ae8) Importer(815301076,1909f56bfc062723c751e8b465ee728b)
Start importing Assets/Track_1/Textures using Guid(7dd06ef4e29d1a749a1bf00b0a059ae8) Importer(815301076,1909f56bfc062723c751e8b465ee728b)  -> (artifact id: '8b1ec82b4635a66889c32350b748b989') in 0.006416 seconds 
========================================================================
Received Import Request.
  Time since last request: 1309.381803 seconds.
  path: Assets/Track_5/Textures
  artifactKey: Guid(7964d25307166b9418318966624aade1) Importer(815301076,1909f56bfc062723c751e8b465ee728b)
Start importing Assets/Track_5/Textures using Guid(7964d25307166b9418318966624aade1) Importer(815301076,1909f56bfc062723c751e8b465ee728b)  -> (artifact id: 'e30157d371378f4b40b18b17270da4d0') in 0.001882 seconds 
========================================================================
Received Import Request.
  Time since last request: 2172.648413 seconds.
  path: Assets/Extreme Drift/Scenes/RaceTracks/RaceTrack1 1.unity
  artifactKey: Guid(82711907277cc4e4ba42d3ae59b5646a) Importer(815301076,1909f56bfc062723c751e8b465ee728b)
Start importing Assets/Extreme Drift/Scenes/RaceTracks/RaceTrack1 1.unity using Guid(82711907277cc4e4ba42d3ae59b5646a) Importer(815301076,1909f56bfc062723c751e8b465ee728b)  -> (artifact id: 'afe8a6463fc0caf7b586c63fe35b5238') in 0.001685 seconds 
========================================================================
Received Import Request.
  Time since last request: 8.605208 seconds.
  path: Assets/Extreme Drift/Scenes/RaceTracks
  artifactKey: Guid(c2c3695a67efc2a4487bfe385181c4b4) Importer(815301076,1909f56bfc062723c751e8b465ee728b)
Start importing Assets/Extreme Drift/Scenes/RaceTracks using Guid(c2c3695a67efc2a4487bfe385181c4b4) Importer(815301076,1909f56bfc062723c751e8b465ee728b)  -> (artifact id: '2e0ee7fba27a22268d421cdc28622f2e') in 0.006427 seconds 
========================================================================
Received Import Request.
  Time since last request: 442.815622 seconds.
  path: Assets/Track_4/TRACK_4.fbx
  artifactKey: Guid(931d5b1ee47aa46469f041db5a8dcbcf) Importer(815301076,1909f56bfc062723c751e8b465ee728b)
Start importing Assets/Track_4/TRACK_4.fbx using Guid(931d5b1ee47aa46469f041db5a8dcbcf) Importer(815301076,1909f56bfc062723c751e8b465ee728b)  -> (artifact id: '790efe524af60390c8d84a1baa36a5c4') in 0.052953 seconds 
========================================================================
Received Import Request.
  Time since last request: 623.992581 seconds.
  path: Assets/Track_2/TRACK_2_OBSTACLES.fbx
  artifactKey: Guid(c93c931b550fddb4abbdc521f1c2775e) Importer(815301076,1909f56bfc062723c751e8b465ee728b)
Start importing Assets/Track_2/TRACK_2_OBSTACLES.fbx using Guid(c93c931b550fddb4abbdc521f1c2775e) Importer(815301076,1909f56bfc062723c751e8b465ee728b)  -> (artifact id: 'a37bb89fb6eeae518c328bc8360e2ecd') in 0.073095 seconds 
========================================================================
Received Import Request.
  Time since last request: 5338.088760 seconds.
  path: Assets/Track_2
  artifactKey: Guid(02a0af72c9d3532468956312ea2c8d2d) Importer(815301076,1909f56bfc062723c751e8b465ee728b)
Start importing Assets/Track_2 using Guid(02a0af72c9d3532468956312ea2c8d2d) Importer(815301076,1909f56bfc062723c751e8b465ee728b)  -> (artifact id: 'e65390ca97ef9dc2ba7d13ad2dd9feb9') in 0.006475 seconds 
========================================================================
Received Import Request.
  Time since last request: 1.033496 seconds.
  path: Assets/Track_2/Materials
  artifactKey: Guid(c892f62d2441e0149986586199c48874) Importer(815301076,1909f56bfc062723c751e8b465ee728b)
Start importing Assets/Track_2/Materials using Guid(c892f62d2441e0149986586199c48874) Importer(815301076,1909f56bfc062723c751e8b465ee728b)  -> (artifact id: '55113a4b9155fa617dfc3b9ba1dbd83b') in 0.006585 seconds 
========================================================================
Received Import Request.
  Time since last request: 0.467802 seconds.
  path: Assets/Track_2/Textures
  artifactKey: Guid(0774ccdc73bce3446b45ee1ec64e0a4e) Importer(815301076,1909f56bfc062723c751e8b465ee728b)
Start importing Assets/Track_2/Textures using Guid(0774ccdc73bce3446b45ee1ec64e0a4e) Importer(815301076,1909f56bfc062723c751e8b465ee728b)  -> (artifact id: 'b5f5210e5dda67f64d7c22ead00c3129') in 0.001533 seconds 
========================================================================
Received Import Request.
  Time since last request: 4.443816 seconds.
  path: Assets/Track_3/TRACK_3.fbx
  artifactKey: Guid(1b469548bdaad5944aa987c7dfd615db) Importer(815301076,1909f56bfc062723c751e8b465ee728b)
Start importing Assets/Track_3/TRACK_3.fbx using Guid(1b469548bdaad5944aa987c7dfd615db) Importer(815301076,1909f56bfc062723c751e8b465ee728b)  -> (artifact id: 'a194e842161f2a991d4c86c6496c24a3') in 0.099166 seconds 
========================================================================
Received Import Request.
  Time since last request: 11.817902 seconds.
  path: Assets/Extreme Drift/Models/Garage
  artifactKey: Guid(a737565f2b0c6044093c488b77b8d8f1) Importer(815301076,1909f56bfc062723c751e8b465ee728b)
Start importing Assets/Extreme Drift/Models/Garage using Guid(a737565f2b0c6044093c488b77b8d8f1) Importer(815301076,1909f56bfc062723c751e8b465ee728b)  -> (artifact id: '6b3e884a685f0ec471aa03a8d412f316') in 0.008134 seconds 
========================================================================
Received Import Request.
  Time since last request: 0.757291 seconds.
  path: Assets/Extreme Drift/Models/House
  artifactKey: Guid(5f6b96cc35048c8409f63cc9a13bfae1) Importer(815301076,1909f56bfc062723c751e8b465ee728b)
Start importing Assets/Extreme Drift/Models/House using Guid(5f6b96cc35048c8409f63cc9a13bfae1) Importer(815301076,1909f56bfc062723c751e8b465ee728b)  -> (artifact id: '08fc6b7aa14dbfab90ad48906f566d99') in 0.008362 seconds 
========================================================================
Received Import Request.
  Time since last request: 2.197454 seconds.
  path: Assets/Extreme Drift/Models/Lowpoly Vehicles
  artifactKey: Guid(abc1a7825560aac4f9806f1716ce33c9) Importer(815301076,1909f56bfc062723c751e8b465ee728b)
Start importing Assets/Extreme Drift/Models/Lowpoly Vehicles using Guid(abc1a7825560aac4f9806f1716ce33c9) Importer(815301076,1909f56bfc062723c751e8b465ee728b)  -> (artifact id: '8db09fd6a43a2d6f929fb5b9b223a539') in 0.006330 seconds 
========================================================================
Received Import Request.
  Time since last request: 0.440920 seconds.
  path: Assets/Extreme Drift/Models/RaceTracks
  artifactKey: Guid(d7309d5f6d065ff4bba439cae7dfacf2) Importer(815301076,1909f56bfc062723c751e8b465ee728b)
Start importing Assets/Extreme Drift/Models/RaceTracks using Guid(d7309d5f6d065ff4bba439cae7dfacf2) Importer(815301076,1909f56bfc062723c751e8b465ee728b)  -> (artifact id: '2e77dec9cd4532a6c37dcbb47e683e2f') in 0.006298 seconds 
========================================================================
Received Import Request.
  Time since last request: 1.630034 seconds.
  path: Assets/Extreme Drift/Models/RaceTracks/RaceTrack1/Textures
  artifactKey: Guid(2320c1188eedae5459694179d17398da) Importer(815301076,1909f56bfc062723c751e8b465ee728b)
Start importing Assets/Extreme Drift/Models/RaceTracks/RaceTrack1/Textures using Guid(2320c1188eedae5459694179d17398da) Importer(815301076,1909f56bfc062723c751e8b465ee728b)  -> (artifact id: '0a8f5734d95d942e49cd2bf42670bc94') in 0.001721 seconds 
========================================================================
Received Import Request.
  Time since last request: 1.196541 seconds.
  path: Assets/Extreme Drift/Models/RaceTracks/RaceTrack1/MiniMap-1.psd
  artifactKey: Guid(a197f45bccec98a428d5a0a81e6aed26) Importer(815301076,1909f56bfc062723c751e8b465ee728b)
Start importing Assets/Extreme Drift/Models/RaceTracks/RaceTrack1/MiniMap-1.psd using Guid(a197f45bccec98a428d5a0a81e6aed26) Importer(815301076,1909f56bfc062723c751e8b465ee728b)  -> (artifact id: '46cbb92e81beaa5d7fa53ffead36dec6') in 0.010140 seconds 
========================================================================
Received Import Request.
  Time since last request: 0.430308 seconds.
  path: Assets/Extreme Drift/Models/RaceTracks/RaceTrack2
  artifactKey: Guid(f06459061a0fe4f4a8571cb7dc9b1ebf) Importer(815301076,1909f56bfc062723c751e8b465ee728b)
Start importing Assets/Extreme Drift/Models/RaceTracks/RaceTrack2 using Guid(f06459061a0fe4f4a8571cb7dc9b1ebf) Importer(815301076,1909f56bfc062723c751e8b465ee728b)  -> (artifact id: '8f1e73c0f18c490a24e2c072a156813d') in 0.005870 seconds 
========================================================================
Received Import Request.
  Time since last request: 3.872644 seconds.
  path: Assets/Extreme Drift/Models/TrackObjects
  artifactKey: Guid(2d33feea4a573a74e8adc030d4639552) Importer(815301076,1909f56bfc062723c751e8b465ee728b)
Start importing Assets/Extreme Drift/Models/TrackObjects using Guid(2d33feea4a573a74e8adc030d4639552) Importer(815301076,1909f56bfc062723c751e8b465ee728b)  -> (artifact id: '3d9848a5d33a36aa38973c9c56367d7b') in 0.006314 seconds 
========================================================================
Received Import Request.
  Time since last request: 1.104351 seconds.
  path: Assets/Extreme Drift/Models/Trees
  artifactKey: Guid(5e959b54a6530a446ba4ca109c8d4f4a) Importer(815301076,1909f56bfc062723c751e8b465ee728b)
Start importing Assets/Extreme Drift/Models/Trees using Guid(5e959b54a6530a446ba4ca109c8d4f4a) Importer(815301076,1909f56bfc062723c751e8b465ee728b)  -> (artifact id: '1cb46cd2cbd6a3da4e1adb8e0d976ab7') in 0.006271 seconds 
========================================================================
Received Import Request.
  Time since last request: 4.977561 seconds.
  path: Assets/New Folder 1
  artifactKey: Guid(96122f257a0766445966ce6aedf4039b) Importer(815301076,1909f56bfc062723c751e8b465ee728b)
Start importing Assets/New Folder 1 using Guid(96122f257a0766445966ce6aedf4039b) Importer(815301076,1909f56bfc062723c751e8b465ee728b)  -> (artifact id: 'fc9377262bb13d4a6847f03d664a5c3f') in 0.006351 seconds 
========================================================================
Received Import Request.
  Time since last request: 2.646143 seconds.
  path: Assets/PolyScript
  artifactKey: Guid(34dff89d216bb6245af080787465c337) Importer(815301076,1909f56bfc062723c751e8b465ee728b)
Start importing Assets/PolyScript using Guid(34dff89d216bb6245af080787465c337) Importer(815301076,1909f56bfc062723c751e8b465ee728b)  -> (artifact id: '35980bc6d38c2ef2c3d4bdc38d93c921') in 0.006307 seconds 
========================================================================
Received Import Request.
  Time since last request: 0.396396 seconds.
  path: Assets/Resources
  artifactKey: Guid(2d90fa715d7700e41802246599378ef2) Importer(815301076,1909f56bfc062723c751e8b465ee728b)
Start importing Assets/Resources using Guid(2d90fa715d7700e41802246599378ef2) Importer(815301076,1909f56bfc062723c751e8b465ee728b)  -> (artifact id: 'a9fa7c873b6032b400405fcb5a1658f3') in 0.005498 seconds 
========================================================================
Received Import Request.
  Time since last request: 0.431653 seconds.
  path: Assets/Scenes
  artifactKey: Guid(6ea315d0fd7389c41b19996891e99ae3) Importer(815301076,1909f56bfc062723c751e8b465ee728b)
Start importing Assets/Scenes using Guid(6ea315d0fd7389c41b19996891e99ae3) Importer(815301076,1909f56bfc062723c751e8b465ee728b)  -> (artifact id: '9168112a17b07f3ee034ca0d2dc1544d') in 0.006755 seconds 
========================================================================
Received Import Request.
  Time since last request: 0.777554 seconds.
  path: Assets/TextMesh Pro
  artifactKey: Guid(5bf8a45f08a25204ab6b25adbd360857) Importer(815301076,1909f56bfc062723c751e8b465ee728b)
Start importing Assets/TextMesh Pro using Guid(5bf8a45f08a25204ab6b25adbd360857) Importer(815301076,1909f56bfc062723c751e8b465ee728b)  -> (artifact id: '4dfab495e44e756638fb182883eec4db') in 0.007870 seconds 
========================================================================
Received Import Request.
  Time since last request: 919.461931 seconds.
  path: Assets/PolyScript/Low Poly Racing and City Cars Pack/Prefab/Racing
  artifactKey: Guid(8512174b37f9c594e897be4212dc5714) Importer(815301076,1909f56bfc062723c751e8b465ee728b)
Start importing Assets/PolyScript/Low Poly Racing and City Cars Pack/Prefab/Racing using Guid(8512174b37f9c594e897be4212dc5714) Importer(815301076,1909f56bfc062723c751e8b465ee728b)  -> (artifact id: '1126f60e073ad53203ef6ac2ab2c2582') in 0.006825 seconds 
========================================================================
Received Import Request.
  Time since last request: 0.579371 seconds.
  path: Assets/PolyScript/Low Poly Racing and City Cars Pack/Prefab/Racing/Classic Luxury Coupe.prefab
  artifactKey: Guid(08e20474a93e5b243912c9f89fef9e60) Importer(815301076,1909f56bfc062723c751e8b465ee728b)
Start importing Assets/PolyScript/Low Poly Racing and City Cars Pack/Prefab/Racing/Classic Luxury Coupe.prefab using Guid(08e20474a93e5b243912c9f89fef9e60) Importer(815301076,1909f56bfc062723c751e8b465ee728b)  -> (artifact id: 'd52d0bd132c673d6ef895fc845dc0d53') in 0.024175 seconds 
========================================================================
Received Import Request.
  Time since last request: 3.680018 seconds.
  path: Assets/PolyScript/Low Poly Racing and City Cars Pack/Model/Racing
  artifactKey: Guid(63f1febc46d15004db639eed4086a5d4) Importer(815301076,1909f56bfc062723c751e8b465ee728b)
Start importing Assets/PolyScript/Low Poly Racing and City Cars Pack/Model/Racing using Guid(63f1febc46d15004db639eed4086a5d4) Importer(815301076,1909f56bfc062723c751e8b465ee728b)  -> (artifact id: '662096e06b6b00d8136372646d6ca13b') in 0.001866 seconds 
========================================================================
Received Import Request.
  Time since last request: 0.545347 seconds.
  path: Assets/PolyScript/Low Poly Racing and City Cars Pack/Model/City
  artifactKey: Guid(ba47515ca9dc21844bdfeccfa685669a) Importer(815301076,1909f56bfc062723c751e8b465ee728b)
Start importing Assets/PolyScript/Low Poly Racing and City Cars Pack/Model/City using Guid(ba47515ca9dc21844bdfeccfa685669a) Importer(815301076,1909f56bfc062723c751e8b465ee728b)  -> (artifact id: 'db7350cc3cc5ecfba7b8bae33ce1825a') in 0.006224 seconds 
========================================================================
Received Import Request.
  Time since last request: 2.099395 seconds.
  path: Assets/PolyScript/Low Poly Racing and City Cars Pack/Demo
  artifactKey: Guid(7de4feca3b662ff4ab0b305e38cbf8b0) Importer(815301076,1909f56bfc062723c751e8b465ee728b)
Start importing Assets/PolyScript/Low Poly Racing and City Cars Pack/Demo using Guid(7de4feca3b662ff4ab0b305e38cbf8b0) Importer(815301076,1909f56bfc062723c751e8b465ee728b)  -> (artifact id: '80c2c307705d49d917e7528fb6753db2') in 0.006145 seconds 
========================================================================
Received Import Request.
  Time since last request: 3714.661420 seconds.
  path: Assets/Extreme Drift/Scenes/RaceTracks/RaceTrack1 1.unity
  artifactKey: Guid(82711907277cc4e4ba42d3ae59b5646a) Importer(815301076,1909f56bfc062723c751e8b465ee728b)
Start importing Assets/Extreme Drift/Scenes/RaceTracks/RaceTrack1 1.unity using Guid(82711907277cc4e4ba42d3ae59b5646a) Importer(815301076,1909f56bfc062723c751e8b465ee728b)  -> (artifact id: '5dfb1428f2e98262a1acfac69b189cec') in 0.006479 seconds 
========================================================================
Received Import Request.
  Time since last request: 18.229830 seconds.
  path: Assets/Extreme Drift/Scenes/RaceTracks/RaceTracks _V2.unity
  artifactKey: Guid(82711907277cc4e4ba42d3ae59b5646a) Importer(815301076,1909f56bfc062723c751e8b465ee728b)
Start importing Assets/Extreme Drift/Scenes/RaceTracks/RaceTracks _V2.unity using Guid(82711907277cc4e4ba42d3ae59b5646a) Importer(815301076,1909f56bfc062723c751e8b465ee728b)  -> (artifact id: '30531912135278da355cc092b83a18f1') in 0.010388 seconds 
========================================================================
Received Import Request.
  Time since last request: 7144.786559 seconds.
  path: Assets/Plugins
  artifactKey: Guid(c2b5d7d046b8c3b4c82c580d7691f886) Importer(815301076,1909f56bfc062723c751e8b465ee728b)
Start importing Assets/Plugins using Guid(c2b5d7d046b8c3b4c82c580d7691f886) Importer(815301076,1909f56bfc062723c751e8b465ee728b)  -> (artifact id: '8b50c916375c1b20d91c670f3366328a') in 0.006380 seconds 
========================================================================
Received Import Request.
  Time since last request: 2.257449 seconds.
  path: Assets/Track_1
  artifactKey: Guid(b55728e9f3495f14cb5903b0483e626b) Importer(815301076,1909f56bfc062723c751e8b465ee728b)
Start importing Assets/Track_1 using Guid(b55728e9f3495f14cb5903b0483e626b) Importer(815301076,1909f56bfc062723c751e8b465ee728b)  -> (artifact id: '36bdcc17b5f2ede7b2e79fe5e831fdb7') in 0.006203 seconds 
========================================================================
Received Import Request.
  Time since last request: 0.552957 seconds.
  path: Assets/Track_1/Materials
  artifactKey: Guid(f05a93ec9c16b3149aeaf847503c25a5) Importer(815301076,1909f56bfc062723c751e8b465ee728b)
Start importing Assets/Track_1/Materials using Guid(f05a93ec9c16b3149aeaf847503c25a5) Importer(815301076,1909f56bfc062723c751e8b465ee728b)  -> (artifact id: '2c90e5e870048c65747e3cb7a9952328') in 0.006457 seconds 
========================================================================
Received Import Request.
  Time since last request: 7.376694 seconds.
  path: Assets/Extreme Drift/Models/StreetLightsPack
  artifactKey: Guid(2b69319472c35ee4a86c976d0025e67c) Importer(815301076,1909f56bfc062723c751e8b465ee728b)
Start importing Assets/Extreme Drift/Models/StreetLightsPack using Guid(2b69319472c35ee4a86c976d0025e67c) Importer(815301076,1909f56bfc062723c751e8b465ee728b)  -> (artifact id: '74d0540ad746a8b9fb78ec75b10b7558') in 0.006226 seconds 
========================================================================
Received Import Request.
  Time since last request: 1.809499 seconds.
  path: Assets/Extreme Drift/Models/TrackObjects/Object1
  artifactKey: Guid(1fab5646d80ee8e45aac81463556f53b) Importer(815301076,1909f56bfc062723c751e8b465ee728b)
Start importing Assets/Extreme Drift/Models/TrackObjects/Object1 using Guid(1fab5646d80ee8e45aac81463556f53b) Importer(815301076,1909f56bfc062723c751e8b465ee728b)  -> (artifact id: 'd6eaac6ee423e1a0a41cb07fc0abd37e') in 0.006126 seconds 
========================================================================
Received Import Request.
  Time since last request: 1.593071 seconds.
  path: Assets/Extreme Drift/Models/TrackObjects/Object1/object1.FBX
  artifactKey: Guid(f2dfbde8e5d7eba40938467d609fc988) Importer(815301076,1909f56bfc062723c751e8b465ee728b)
Start importing Assets/Extreme Drift/Models/TrackObjects/Object1/object1.FBX using Guid(f2dfbde8e5d7eba40938467d609fc988) Importer(815301076,1909f56bfc062723c751e8b465ee728b)  -> (artifact id: '6f290387ac23b1c61c4e184ff81fa636') in 0.014738 seconds 
========================================================================
Received Import Request.
  Time since last request: 3.569291 seconds.
  path: Assets/Extreme Drift/Models/TrackObjects/Object3/Object3.FBX
  artifactKey: Guid(a6a312223b0f14547b9d948a9ea20e8e) Importer(815301076,1909f56bfc062723c751e8b465ee728b)
Start importing Assets/Extreme Drift/Models/TrackObjects/Object3/Object3.FBX using Guid(a6a312223b0f14547b9d948a9ea20e8e) Importer(815301076,1909f56bfc062723c751e8b465ee728b)  -> (artifact id: '0daf63e50a159814a7211751a49e906c') in 0.029395 seconds 
========================================================================
Received Import Request.
  Time since last request: 2.985523 seconds.
  path: Assets/Extreme Drift/Models/TrackObjects/Object2/Object2.FBX
  artifactKey: Guid(5175e44ff9f136142a470e04338be01f) Importer(815301076,1909f56bfc062723c751e8b465ee728b)
Start importing Assets/Extreme Drift/Models/TrackObjects/Object2/Object2.FBX using Guid(5175e44ff9f136142a470e04338be01f) Importer(815301076,1909f56bfc062723c751e8b465ee728b)  -> (artifact id: 'aa55ae9df764843a956b1d3c2171a1cd') in 0.016030 seconds 
========================================================================
Received Import Request.
  Time since last request: 4.964799 seconds.
  path: Assets/Extreme Drift/Models/TrackObjects/Object7/Object7.FBX
  artifactKey: Guid(f0eb5afde72fd2b42bef12119564ebcf) Importer(815301076,1909f56bfc062723c751e8b465ee728b)
Start importing Assets/Extreme Drift/Models/TrackObjects/Object7/Object7.FBX using Guid(f0eb5afde72fd2b42bef12119564ebcf) Importer(815301076,1909f56bfc062723c751e8b465ee728b)  -> (artifact id: '78ff6e565951434fca2b93588c24abea') in 0.014734 seconds 
========================================================================
Received Import Request.
  Time since last request: 3.876921 seconds.
  path: Assets/Extreme Drift/Models/TrackObjects/Object6/Object6.FBX
  artifactKey: Guid(b70351bf29ceda74ab72c7914a670a8a) Importer(815301076,1909f56bfc062723c751e8b465ee728b)
Start importing Assets/Extreme Drift/Models/TrackObjects/Object6/Object6.FBX using Guid(b70351bf29ceda74ab72c7914a670a8a) Importer(815301076,1909f56bfc062723c751e8b465ee728b)  -> (artifact id: '57561f8fc02fec8c3dd990877eaaa5ad') in 0.012971 seconds 
========================================================================
Received Import Request.
  Time since last request: 3.134223 seconds.
  path: Assets/Extreme Drift/Models/TrackObjects/Object5/Object5.FBX
  artifactKey: Guid(9b425b77afe767e439a23fdc67d4ea64) Importer(815301076,1909f56bfc062723c751e8b465ee728b)
Start importing Assets/Extreme Drift/Models/TrackObjects/Object5/Object5.FBX using Guid(9b425b77afe767e439a23fdc67d4ea64) Importer(815301076,1909f56bfc062723c751e8b465ee728b)  -> (artifact id: 'a81a2f28e610567fedf408dcba887d81') in 0.015505 seconds 
========================================================================
Received Import Request.
  Time since last request: 3.635339 seconds.
  path: Assets/Extreme Drift/Models/TrackObjects/Object4/Object4.FBX
  artifactKey: Guid(821e5c4d15082634c92f3368f53c2906) Importer(815301076,1909f56bfc062723c751e8b465ee728b)
Start importing Assets/Extreme Drift/Models/TrackObjects/Object4/Object4.FBX using Guid(821e5c4d15082634c92f3368f53c2906) Importer(815301076,1909f56bfc062723c751e8b465ee728b)  -> (artifact id: '3640bb13a45b294a612ac9623fe766b1') in 0.018121 seconds 
========================================================================
Received Import Request.
  Time since last request: 9.405376 seconds.
  path: Assets/Invector-3rdPersonController
  artifactKey: Guid(0aa0b7fd39c5cfa4eb0eb741ba5c09ca) Importer(815301076,1909f56bfc062723c751e8b465ee728b)
Start importing Assets/Invector-3rdPersonController using Guid(0aa0b7fd39c5cfa4eb0eb741ba5c09ca) Importer(815301076,1909f56bfc062723c751e8b465ee728b)  -> (artifact id: 'ea0df159b2593be92cc93ea8a54babad') in 0.007639 seconds 
========================================================================
Received Import Request.
  Time since last request: 4.547745 seconds.
  path: Assets/Invector-3rdPersonController/Basic Locomotion/3D Models/Particles/EffectExamples
  artifactKey: Guid(ef9701a6716751644b26d2ffdb2c854c) Importer(815301076,1909f56bfc062723c751e8b465ee728b)
Start importing Assets/Invector-3rdPersonController/Basic Locomotion/3D Models/Particles/EffectExamples using Guid(ef9701a6716751644b26d2ffdb2c854c) Importer(815301076,1909f56bfc062723c751e8b465ee728b)  -> (artifact id: '99007df7d7b1fe55772b63e7e21b395f') in 0.008287 seconds 
========================================================================
Received Import Request.
  Time since last request: 0.431722 seconds.
  path: Assets/Invector-3rdPersonController/Basic Locomotion/3D Models/Particles/EffectExamples/FireExplosionEffects/Materials
  artifactKey: Guid(51886e8f650c2f1458bd4b324421bb6c) Importer(815301076,1909f56bfc062723c751e8b465ee728b)
Start importing Assets/Invector-3rdPersonController/Basic Locomotion/3D Models/Particles/EffectExamples/FireExplosionEffects/Materials using Guid(51886e8f650c2f1458bd4b324421bb6c) Importer(815301076,1909f56bfc062723c751e8b465ee728b)  -> (artifact id: 'c5892bffa2afa8628ef17e61428d4558') in 0.001624 seconds 
========================================================================
Received Import Request.
  Time since last request: 0.987200 seconds.
  path: Assets/Invector-3rdPersonController/Basic Locomotion/3D Models/Particles/EffectExamples/FireExplosionEffects/Textures
  artifactKey: Guid(a3e053d2e06dd66409930cfd9ef23239) Importer(815301076,1909f56bfc062723c751e8b465ee728b)
Start importing Assets/Invector-3rdPersonController/Basic Locomotion/3D Models/Particles/EffectExamples/FireExplosionEffects/Textures using Guid(a3e053d2e06dd66409930cfd9ef23239) Importer(815301076,1909f56bfc062723c751e8b465ee728b)  -> (artifact id: 'e9cdb414b06bf43c1bf938c6ea9fe071') in 0.008467 seconds 
========================================================================
Received Import Request.
  Time since last request: 1.446664 seconds.
  path: Assets/Invector-3rdPersonController/Basic Locomotion/3D Models/Particles/EffectExamples/FireExplosionEffects/Textures/FlameParticleSheet.tif
  artifactKey: Guid(838696ee09635f647b630a61fac71a72) Importer(815301076,1909f56bfc062723c751e8b465ee728b)
Start importing Assets/Invector-3rdPersonController/Basic Locomotion/3D Models/Particles/EffectExamples/FireExplosionEffects/Textures/FlameParticleSheet.tif using Guid(838696ee09635f647b630a61fac71a72) Importer(815301076,1909f56bfc062723c751e8b465ee728b)  -> (artifact id: '9038ce89ca7cea6e72230e02ac9bf2f2') in 0.034985 seconds 
========================================================================
Received Import Request.
  Time since last request: 0.564269 seconds.
  path: Assets/Invector-3rdPersonController/Basic Locomotion/3D Models/Particles/EffectExamples/FireExplosionEffects/Textures/SmokePuff02ParticleSheet.tif
  artifactKey: Guid(26e206bd730800f4f82b828eb9f1c067) Importer(815301076,1909f56bfc062723c751e8b465ee728b)
Start importing Assets/Invector-3rdPersonController/Basic Locomotion/3D Models/Particles/EffectExamples/FireExplosionEffects/Textures/SmokePuff02ParticleSheet.tif using Guid(26e206bd730800f4f82b828eb9f1c067) Importer(815301076,1909f56bfc062723c751e8b465ee728b)  -> (artifact id: '15284fb2bba5a078e49c76b0921a5343') in 0.009864 seconds 
========================================================================
Received Import Request.
  Time since last request: 1.211951 seconds.
  path: Assets/Invector-3rdPersonController/Basic Locomotion/3D Models/Particles/EffectExamples/FireExplosionEffects
  artifactKey: Guid(b1b8ab57ee2afa04da853cc36e2ab6e4) Importer(815301076,1909f56bfc062723c751e8b465ee728b)
Start importing Assets/Invector-3rdPersonController/Basic Locomotion/3D Models/Particles/EffectExamples/FireExplosionEffects using Guid(b1b8ab57ee2afa04da853cc36e2ab6e4) Importer(815301076,1909f56bfc062723c751e8b465ee728b)  -> (artifact id: 'c729a1ce9b9b3728852bd10035e0caae') in 0.006551 seconds 
AssetImportWorkerClient::OnTransportError - code=2 error=End of file
